
*** Running vivado
    with args  -m64 -nolog -nojournal -notrace -mode batch -product Vivado -source top_demo_reports.tcl -tclargs route_design



****** Vivado v2023.1.1 (64-bit)
  **** SW Build 3900603 on Fri Jun 16 19:31:24 MDT 2023
  **** IP Build 3900379 on Sat Jun 17 05:28:05 MDT 2023
  **** SharedData Build 3899622 on Fri Jun 16 03:34:24 MDT 2023
    ** Copyright 1986-2022 Xilinx, Inc. All Rights Reserved.
    ** Copyright 2022-2023 Advanced Micro Devices, Inc. All Rights Reserved.

source top_demo_reports.tcl -notrace
Command: open_checkpoint top_demo_routed.dcp

Starting open_checkpoint Task

Time (s): cpu = 00:00:00 ; elapsed = 00:00:00.048 . Memory (MB): peak = 1353.180 ; gain = 7.281
INFO: [Device 21-403] Loading part xc7z020clg484-1
Netlist sorting complete. Time (s): cpu = 00:00:00 ; elapsed = 00:00:00.018 . Memory (MB): peak = 1977.012 ; gain = 0.000
INFO: [Netlist 29-17] Analyzing 112 Unisim elements for replacement
INFO: [Netlist 29-28] Unisim Transformation completed in 0 CPU seconds
INFO: [Project 1-479] Netlist was created with Vivado 2023.1.1
INFO: [Project 1-570] Preparing netlist for logic optimization
INFO: [Timing 38-478] Restoring timing data from binary archive.
INFO: [Timing 38-479] Binary timing data restore complete.
INFO: [Project 1-856] Restoring constraints from binary archive.
INFO: [Project 1-853] Binary constraint restore complete.
Reading XDEF placement.
Reading placer database...
Reading XDEF routing.
Read XDEF Files: Time (s): cpu = 00:00:00 ; elapsed = 00:00:00.209 . Memory (MB): peak = 2683.648 ; gain = 15.504
Restored from archive | CPU: 0.000000 secs | Memory: 0.000000 MB |
Finished XDEF File Restore: Time (s): cpu = 00:00:00 ; elapsed = 00:00:00.210 . Memory (MB): peak = 2683.648 ; gain = 15.504
Netlist sorting complete. Time (s): cpu = 00:00:00 ; elapsed = 00:00:00 . Memory (MB): peak = 2683.648 ; gain = 0.000
INFO: [Project 1-111] Unisim Transformation Summary:
No Unisim elements were transformed.

INFO: [Project 1-604] Checkpoint was created with Vivado v2023.1.1 (64-bit) build 3900603
WARNING: [Vivado 12-23575] Critical violations of the methodology design rules detected. Critical violations may contribute to timing failures or cause functional issues in hardware. Run report_methodology for more information.
open_checkpoint: Time (s): cpu = 00:00:17 ; elapsed = 00:00:34 . Memory (MB): peak = 2683.648 ; gain = 1337.957
INFO: [runtcl-4] Executing : report_power -file top_demo_power_routed_1.rpt -pb top_demo_power_summary_routed_1.pb -rpx top_demo_power_routed_1.rpx
Command: report_power -file top_demo_power_routed_1.rpt -pb top_demo_power_summary_routed_1.pb -rpx top_demo_power_routed_1.rpx
WARNING: [Power 33-232] No user defined clocks were found in the design! Power estimation will be inaccurate until this is corrected.
Resolution: Please specify clocks using create_clock/create_generated_clock for sequential elements. For pure combinatorial circuits, please specify a virtual clock, otherwise the vectorless estimation might be inaccurate
Running Vector-less Activity Propagation...

Finished Running Vector-less Activity Propagation
12 Infos, 2 Warnings, 0 Critical Warnings and 0 Errors encountered.
report_power completed successfully
INFO: [Common 17-206] Exiting Vivado at Fri May  3 20:26:34 2024...

*** Running vivado
    with args  -m64 -nolog -nojournal -notrace -mode batch -product Vivado -source top_demo_reports.tcl -tclargs route_design



****** Vivado v2023.1.1 (64-bit)
  **** SW Build 3900603 on Fri Jun 16 19:31:24 MDT 2023
  **** IP Build 3900379 on Sat Jun 17 05:28:05 MDT 2023
  **** SharedData Build 3899622 on Fri Jun 16 03:34:24 MDT 2023
    ** Copyright 1986-2022 Xilinx, Inc. All Rights Reserved.
    ** Copyright 2022-2023 Advanced Micro Devices, Inc. All Rights Reserved.

source top_demo_reports.tcl -notrace
Command: open_checkpoint top_demo_routed.dcp

Starting open_checkpoint Task

Time (s): cpu = 00:00:00 ; elapsed = 00:00:00.050 . Memory (MB): peak = 1352.637 ; gain = 8.277
INFO: [Device 21-403] Loading part xc7z020clg484-1
Netlist sorting complete. Time (s): cpu = 00:00:00 ; elapsed = 00:00:00.018 . Memory (MB): peak = 1976.215 ; gain = 0.000
INFO: [Netlist 29-17] Analyzing 112 Unisim elements for replacement
INFO: [Netlist 29-28] Unisim Transformation completed in 0 CPU seconds
INFO: [Project 1-479] Netlist was created with Vivado 2023.1.1
INFO: [Project 1-570] Preparing netlist for logic optimization
INFO: [Timing 38-478] Restoring timing data from binary archive.
INFO: [Timing 38-479] Binary timing data restore complete.
INFO: [Project 1-856] Restoring constraints from binary archive.
INFO: [Project 1-853] Binary constraint restore complete.
Reading XDEF placement.
Reading placer database...
Reading XDEF routing.
Read XDEF Files: Time (s): cpu = 00:00:00 ; elapsed = 00:00:00.199 . Memory (MB): peak = 2683.750 ; gain = 15.535
Restored from archive | CPU: 0.000000 secs | Memory: 0.000000 MB |
Finished XDEF File Restore: Time (s): cpu = 00:00:00 ; elapsed = 00:00:00.199 . Memory (MB): peak = 2683.750 ; gain = 15.535
Netlist sorting complete. Time (s): cpu = 00:00:00 ; elapsed = 00:00:00.001 . Memory (MB): peak = 2683.750 ; gain = 0.000
INFO: [Project 1-111] Unisim Transformation Summary:
No Unisim elements were transformed.

INFO: [Project 1-604] Checkpoint was created with Vivado v2023.1.1 (64-bit) build 3900603
WARNING: [Vivado 12-23575] Critical violations of the methodology design rules detected. Critical violations may contribute to timing failures or cause functional issues in hardware. Run report_methodology for more information.
open_checkpoint: Time (s): cpu = 00:00:16 ; elapsed = 00:00:26 . Memory (MB): peak = 2683.750 ; gain = 1339.602
INFO: [runtcl-4] Executing : report_timing -file route_report_timing_0.rpt -rpx route_report_timing_0.rpx
INFO: [Timing 38-91] UpdateTimingParams: Speed grade: -1, Delay Type: max.
INFO: [Timing 38-191] Multithreading enabled for timing update using a maximum of 2 CPUs
INFO: [Timing 38-78] ReportTimingParams: -max_paths 1 -nworst 1 -delay_type max -sort_by slack.
INFO: [Common 17-206] Exiting Vivado at Fri May  3 20:27:23 2024...

*** Running vivado
    with args  -m64 -nolog -nojournal -notrace -mode batch -product Vivado -source top_demo_reports.tcl -tclargs route_design



****** Vivado v2023.1.1 (64-bit)
  **** SW Build 3900603 on Fri Jun 16 19:31:24 MDT 2023
  **** IP Build 3900379 on Sat Jun 17 05:28:05 MDT 2023
  **** SharedData Build 3899622 on Fri Jun 16 03:34:24 MDT 2023
    ** Copyright 1986-2022 Xilinx, Inc. All Rights Reserved.
    ** Copyright 2022-2023 Advanced Micro Devices, Inc. All Rights Reserved.

source top_demo_reports.tcl -notrace
Command: open_checkpoint top_demo_routed.dcp

Starting open_checkpoint Task

Time (s): cpu = 00:00:00 ; elapsed = 00:00:00.043 . Memory (MB): peak = 1352.781 ; gain = 6.949
INFO: [Device 21-403] Loading part xc7z020clg484-1

*** Running vivado
    with args  -m64 -nolog -nojournal -notrace -mode batch -product Vivado -source top_demo_reports.tcl -tclargs route_design



****** Vivado v2023.1.1 (64-bit)
  **** SW Build 3900603 on Fri Jun 16 19:31:24 MDT 2023
  **** IP Build 3900379 on Sat Jun 17 05:28:05 MDT 2023
  **** SharedData Build 3899622 on Fri Jun 16 03:34:24 MDT 2023
    ** Copyright 1986-2022 Xilinx, Inc. All Rights Reserved.
    ** Copyright 2022-2023 Advanced Micro Devices, Inc. All Rights Reserved.

source top_demo_reports.tcl -notrace
Command: open_checkpoint top_demo_routed.dcp

Starting open_checkpoint Task

Time (s): cpu = 00:00:00 ; elapsed = 00:00:00.044 . Memory (MB): peak = 1350.953 ; gain = 6.219
INFO: [Device 21-403] Loading part xc7z020clg484-1
Netlist sorting complete. Time (s): cpu = 00:00:00 ; elapsed = 00:00:00.018 . Memory (MB): peak = 1975.602 ; gain = 0.000
INFO: [Netlist 29-17] Analyzing 112 Unisim elements for replacement
INFO: [Netlist 29-28] Unisim Transformation completed in 0 CPU seconds
INFO: [Project 1-479] Netlist was created with Vivado 2023.1.1
INFO: [Project 1-570] Preparing netlist for logic optimization
INFO: [Timing 38-478] Restoring timing data from binary archive.
INFO: [Timing 38-479] Binary timing data restore complete.
INFO: [Project 1-856] Restoring constraints from binary archive.
INFO: [Project 1-853] Binary constraint restore complete.
Reading XDEF placement.
Reading placer database...
Reading XDEF routing.
Read XDEF Files: Time (s): cpu = 00:00:00 ; elapsed = 00:00:00.190 . Memory (MB): peak = 2682.383 ; gain = 15.504
Restored from archive | CPU: 0.000000 secs | Memory: 0.000000 MB |
Finished XDEF File Restore: Time (s): cpu = 00:00:00 ; elapsed = 00:00:00.191 . Memory (MB): peak = 2682.383 ; gain = 15.504
Netlist sorting complete. Time (s): cpu = 00:00:00 ; elapsed = 00:00:00.001 . Memory (MB): peak = 2682.383 ; gain = 0.000
INFO: [Project 1-111] Unisim Transformation Summary:
No Unisim elements were transformed.

INFO: [Project 1-604] Checkpoint was created with Vivado v2023.1.1 (64-bit) build 3900603
WARNING: [Vivado 12-23575] Critical violations of the methodology design rules detected. Critical violations may contribute to timing failures or cause functional issues in hardware. Run report_methodology for more information.
open_checkpoint: Time (s): cpu = 00:00:16 ; elapsed = 00:00:23 . Memory (MB): peak = 2682.383 ; gain = 1337.867
INFO: [runtcl-4] Executing : report_utilization -file route_report_utilization_0.rpt -pb route_report_utilization_0.pb
INFO: [Common 17-206] Exiting Vivado at Fri May  3 20:32:45 2024...

*** Running vivado
    with args  -m64 -nolog -nojournal -notrace -mode batch -product Vivado -source top_demo_reports.tcl -tclargs route_design



****** Vivado v2023.1.1 (64-bit)
  **** SW Build 3900603 on Fri Jun 16 19:31:24 MDT 2023
  **** IP Build 3900379 on Sat Jun 17 05:28:05 MDT 2023
  **** SharedData Build 3899622 on Fri Jun 16 03:34:24 MDT 2023
    ** Copyright 1986-2022 Xilinx, Inc. All Rights Reserved.
    ** Copyright 2022-2023 Advanced Micro Devices, Inc. All Rights Reserved.

source top_demo_reports.tcl -notrace
Command: open_checkpoint top_demo_routed.dcp

Starting open_checkpoint Task

Time (s): cpu = 00:00:00 ; elapsed = 00:00:00.041 . Memory (MB): peak = 1352.801 ; gain = 7.012
INFO: [Device 21-403] Loading part xc7z020clg484-1
Netlist sorting complete. Time (s): cpu = 00:00:00 ; elapsed = 00:00:00.017 . Memory (MB): peak = 1974.922 ; gain = 0.000
INFO: [Netlist 29-17] Analyzing 112 Unisim elements for replacement
INFO: [Netlist 29-28] Unisim Transformation completed in 0 CPU seconds
INFO: [Project 1-479] Netlist was created with Vivado 2023.1.1
INFO: [Project 1-570] Preparing netlist for logic optimization
INFO: [Timing 38-478] Restoring timing data from binary archive.
INFO: [Timing 38-479] Binary timing data restore complete.
INFO: [Project 1-856] Restoring constraints from binary archive.
INFO: [Project 1-853] Binary constraint restore complete.
Reading XDEF placement.
Reading placer database...
Reading XDEF routing.
Read XDEF Files: Time (s): cpu = 00:00:00 ; elapsed = 00:00:00.190 . Memory (MB): peak = 2682.316 ; gain = 15.535
Restored from archive | CPU: 0.000000 secs | Memory: 0.000000 MB |
Finished XDEF File Restore: Time (s): cpu = 00:00:00 ; elapsed = 00:00:00.190 . Memory (MB): peak = 2682.316 ; gain = 15.535
Netlist sorting complete. Time (s): cpu = 00:00:00 ; elapsed = 00:00:00 . Memory (MB): peak = 2682.316 ; gain = 0.000
INFO: [Project 1-111] Unisim Transformation Summary:
No Unisim elements were transformed.

INFO: [Project 1-604] Checkpoint was created with Vivado v2023.1.1 (64-bit) build 3900603
WARNING: [Vivado 12-23575] Critical violations of the methodology design rules detected. Critical violations may contribute to timing failures or cause functional issues in hardware. Run report_methodology for more information.
open_checkpoint: Time (s): cpu = 00:00:15 ; elapsed = 00:00:23 . Memory (MB): peak = 2682.316 ; gain = 1336.754
INFO: [runtcl-4] Executing : report_power -file top_demo_power_routed_2.rpt -pb top_demo_power_summary_routed_2.pb -rpx top_demo_power_routed_2.rpx
Command: report_power -file top_demo_power_routed_2.rpt -pb top_demo_power_summary_routed_2.pb -rpx top_demo_power_routed_2.rpx
WARNING: [Power 33-232] No user defined clocks were found in the design! Power estimation will be inaccurate until this is corrected.
Resolution: Please specify clocks using create_clock/create_generated_clock for sequential elements. For pure combinatorial circuits, please specify a virtual clock, otherwise the vectorless estimation might be inaccurate
Running Vector-less Activity Propagation...

Finished Running Vector-less Activity Propagation
12 Infos, 2 Warnings, 0 Critical Warnings and 0 Errors encountered.
report_power completed successfully
INFO: [Common 17-206] Exiting Vivado at Fri May  3 20:36:49 2024...
