xxxxxxxx
xxxxxxxx
xxxxxxxx
xxxxxxxx
xxxxxxxx
xxxxxxxx
xxxxxxxx
xxxxxxxx


xxxxxxxx
xxxxxxxx
xxxxxxxx
xxxxxxxx
xxxxxxxx
xxxxxxxx
xxxxxxxx
xxxxxxxx


00000000
00000000
00000000
00000000
11100000
00000000
00000000
00000000


00000000
00000000
00000000
00000000
11100000
00000000
00000000
00000000


00000000
00000000
00000000
00000000
11100000
00000000
00000000
00000000


00000001
00000000
00000000
00000000
11000000
00000001
00000000
00000000


00000011
00000000
00000000
00000000
10000000
00000011
00000000
00000000


00000111
00000000
00000000
00000000
00000000
00000111
00000000
00000000


00000010
00000010
00000000
00000000
00000010
00000010
00000010
00000000


00000000
00000000
00000000
00000000
00000000
00000111
00000000
00000000


00000000
00000000
00000000
00000000
00000010
00000010
00000010
00000000


00000000
00000000
00000000
00000000
00000000
00000111
00000000
00000000


00000000
00000000
00000000
00000000
00000010
00000010
00000010
00000000


